<?xml version="1.0" encoding="UTF-8"?>
<coverage generated="1540254356724" clover="3.2.0">
  <project timestamp="1540254356725" name="All files">
    <metrics statements="247" coveredstatements="183" conditionals="74" coveredconditionals="46" methods="61" coveredmethods="48" elements="382" coveredelements="277" complexity="0" loc="247" ncloc="247" packages="6" files="15" classes="15">
      <package name="meat-api">
        <metrics statements="24" coveredstatements="15" conditionals="4" coveredconditionals="4" methods="6" coveredmethods="4"/>
        <file name="jest.startup.ts" path="/home/nelma/repo-git/meat-api/jest.startup.ts">
          <metrics statements="15" coveredstatements="15" conditionals="4" coveredconditionals="4" methods="4" coveredmethods="4"/>
          <line num="3" count="3" type="stmt"/>
          <line num="4" count="3" type="stmt"/>
          <line num="5" count="3" type="stmt"/>
          <line num="6" count="3" type="stmt"/>
          <line num="7" count="3" type="stmt"/>
          <line num="8" count="3" type="stmt"/>
          <line num="13" count="3" type="stmt"/>
          <line num="14" count="3" type="cond" truecount="2" falsecount="0"/>
          <line num="15" count="3" type="cond" truecount="2" falsecount="0"/>
          <line num="16" count="3" type="stmt"/>
          <line num="19" count="3" type="stmt"/>
          <line num="23" count="3" type="stmt"/>
          <line num="24" count="3" type="stmt"/>
          <line num="27" count="3" type="stmt"/>
          <line num="28" count="3" type="stmt"/>
        </file>
        <file name="main.ts" path="/home/nelma/repo-git/meat-api/main.ts">
          <metrics statements="9" coveredstatements="0" conditionals="0" coveredconditionals="0" methods="2" coveredmethods="0"/>
          <line num="1" count="0" type="stmt"/>
          <line num="2" count="0" type="stmt"/>
          <line num="3" count="0" type="stmt"/>
          <line num="4" count="0" type="stmt"/>
          <line num="8" count="0" type="stmt"/>
          <line num="9" count="0" type="stmt"/>
          <line num="14" count="0" type="stmt"/>
          <line num="16" count="0" type="stmt"/>
          <line num="18" count="0" type="stmt"/>
        </file>
      </package>
      <package name="meat-api.common">
        <metrics statements="91" coveredstatements="75" conditionals="49" coveredconditionals="31" methods="22" coveredmethods="19"/>
        <file name="environment.ts" path="/home/nelma/repo-git/meat-api/common/environment.ts">
          <metrics statements="1" coveredstatements="1" conditionals="6" coveredconditionals="6" methods="0" coveredmethods="0"/>
          <line num="1" count="3" type="stmt"/>
        </file>
        <file name="model-router.ts" path="/home/nelma/repo-git/meat-api/common/model-router.ts">
          <metrics statements="50" coveredstatements="42" conditionals="20" coveredconditionals="10" methods="14" coveredmethods="13"/>
          <line num="1" count="3" type="stmt"/>
          <line num="2" count="3" type="stmt"/>
          <line num="3" count="3" type="stmt"/>
          <line num="6" count="3" type="stmt"/>
          <line num="10" count="6" type="stmt"/>
          <line num="12" count="6" type="stmt"/>
          <line num="13" count="6" type="stmt"/>
          <line num="14" count="6" type="stmt"/>
          <line num="18" count="1" type="stmt"/>
          <line num="22" count="10" type="stmt"/>
          <line num="23" count="10" type="stmt"/>
          <line num="24" count="10" type="stmt"/>
          <line num="29" count="3" type="stmt"/>
          <line num="36" count="3" type="cond" truecount="3" falsecount="2"/>
          <line num="38" count="0" type="cond" truecount="0" falsecount="2"/>
          <line num="39" count="0" type="stmt"/>
          <line num="42" count="0" type="stmt"/>
          <line num="43" count="0" type="cond" truecount="0" falsecount="2"/>
          <line num="44" count="0" type="stmt"/>
          <line num="48" count="3" type="stmt"/>
          <line num="51" count="6" type="stmt"/>
          <line num="52" count="8" type="cond" truecount="2" falsecount="0"/>
          <line num="53" count="5" type="stmt"/>
          <line num="55" count="3" type="stmt"/>
          <line num="59" count="6" type="stmt"/>
          <line num="64" count="2" type="cond" truecount="2" falsecount="0"/>
          <line num="65" count="2" type="cond" truecount="1" falsecount="1"/>
          <line num="67" count="2" type="stmt"/>
          <line num="70" count="2" type="stmt"/>
          <line num="72" count="2" type="stmt"/>
          <line num="80" count="6" type="stmt"/>
          <line num="81" count="0" type="stmt"/>
          <line num="86" count="6" type="stmt"/>
          <line num="87" count="10" type="stmt"/>
          <line num="88" count="10" type="stmt"/>
          <line num="93" count="6" type="stmt"/>
          <line num="94" count="1" type="stmt"/>
          <line num="95" count="1" type="stmt"/>
          <line num="97" count="1" type="cond" truecount="1" falsecount="1"/>
          <line num="98" count="1" type="stmt"/>
          <line num="100" count="0" type="stmt"/>
          <line num="106" count="6" type="stmt"/>
          <line num="107" count="1" type="stmt"/>
          <line num="108" count="1" type="stmt"/>
          <line num="113" count="6" type="stmt"/>
          <line num="114" count="1" type="stmt"/>
          <line num="115" count="1" type="cond" truecount="1" falsecount="1"/>
          <line num="116" count="1" type="stmt"/>
          <line num="118" count="0" type="stmt"/>
          <line num="120" count="1" type="stmt"/>
        </file>
        <file name="router.ts" path="/home/nelma/repo-git/meat-api/common/router.ts">
          <metrics statements="19" coveredstatements="15" conditionals="6" coveredconditionals="2" methods="7" coveredmethods="5"/>
          <line num="2" count="3" type="stmt"/>
          <line num="3" count="3" type="stmt"/>
          <line num="5" count="3" type="stmt"/>
          <line num="9" count="0" type="stmt"/>
          <line num="13" count="0" type="stmt"/>
          <line num="18" count="12" type="stmt"/>
          <line num="19" count="9" type="cond" truecount="1" falsecount="1"/>
          <line num="22" count="9" type="stmt"/>
          <line num="24" count="9" type="stmt"/>
          <line num="26" count="0" type="stmt"/>
          <line num="28" count="9" type="stmt"/>
          <line num="33" count="3" type="stmt"/>
          <line num="34" count="3" type="cond" truecount="1" falsecount="1"/>
          <line num="35" count="3" type="stmt"/>
          <line num="36" count="1" type="stmt"/>
          <line num="37" count="1" type="stmt"/>
          <line num="39" count="3" type="stmt"/>
          <line num="41" count="0" type="stmt"/>
          <line num="44" count="3" type="stmt"/>
        </file>
        <file name="validators.ts" path="/home/nelma/repo-git/meat-api/common/validators.ts">
          <metrics statements="21" coveredstatements="17" conditionals="17" coveredconditionals="13" methods="1" coveredmethods="1"/>
          <line num="2" count="3" type="stmt"/>
          <line num="5" count="8" type="cond" truecount="4" falsecount="1"/>
          <line num="6" count="0" type="stmt"/>
          <line num="8" count="8" type="stmt"/>
          <line num="10" count="8" type="stmt"/>
          <line num="11" count="8" type="stmt"/>
          <line num="12" count="72" type="stmt"/>
          <line num="14" count="8" type="stmt"/>
          <line num="16" count="8" type="cond" truecount="3" falsecount="1"/>
          <line num="17" count="0" type="stmt"/>
          <line num="19" count="8" type="cond" truecount="1" falsecount="1"/>
          <line num="20" count="0" type="stmt"/>
          <line num="23" count="8" type="stmt"/>
          <line num="24" count="8" type="stmt"/>
          <line num="25" count="80" type="stmt"/>
          <line num="27" count="8" type="stmt"/>
          <line num="29" count="8" type="cond" truecount="3" falsecount="1"/>
          <line num="30" count="0" type="stmt"/>
          <line num="32" count="8" type="cond" truecount="2" falsecount="0"/>
          <line num="33" count="1" type="stmt"/>
          <line num="35" count="7" type="stmt"/>
        </file>
      </package>
      <package name="meat-api.restaurants">
        <metrics statements="31" coveredstatements="0" conditionals="4" coveredconditionals="0" methods="7" coveredmethods="0"/>
        <file name="restaurants.model.ts" path="/home/nelma/repo-git/meat-api/restaurants/restaurants.model.ts">
          <metrics statements="4" coveredstatements="0" conditionals="0" coveredconditionals="0" methods="0" coveredmethods="0"/>
          <line num="1" count="0" type="stmt"/>
          <line num="18" count="0" type="stmt"/>
          <line num="30" count="0" type="stmt"/>
          <line num="43" count="0" type="stmt"/>
        </file>
        <file name="restaurants.router.ts" path="/home/nelma/repo-git/meat-api/restaurants/restaurants.router.ts">
          <metrics statements="27" coveredstatements="0" conditionals="4" coveredconditionals="0" methods="7" coveredmethods="0"/>
          <line num="1" count="0" type="stmt"/>
          <line num="2" count="0" type="stmt"/>
          <line num="4" count="0" type="stmt"/>
          <line num="9" count="0" type="stmt"/>
          <line num="13" count="0" type="stmt"/>
          <line num="15" count="0" type="stmt"/>
          <line num="17" count="0" type="cond" truecount="0" falsecount="2"/>
          <line num="18" count="0" type="stmt"/>
          <line num="20" count="0" type="stmt"/>
          <line num="21" count="0" type="stmt"/>
          <line num="26" count="0" type="stmt"/>
          <line num="27" count="0" type="stmt"/>
          <line num="29" count="0" type="cond" truecount="0" falsecount="2"/>
          <line num="30" count="0" type="stmt"/>
          <line num="32" count="0" type="stmt"/>
          <line num="33" count="0" type="stmt"/>
          <line num="36" count="0" type="stmt"/>
          <line num="37" count="0" type="stmt"/>
          <line num="45" count="0" type="stmt"/>
          <line num="46" count="0" type="stmt"/>
          <line num="47" count="0" type="stmt"/>
          <line num="48" count="0" type="stmt"/>
          <line num="49" count="0" type="stmt"/>
          <line num="50" count="0" type="stmt"/>
          <line num="52" count="0" type="stmt"/>
          <line num="53" count="0" type="stmt"/>
          <line num="57" count="0" type="stmt"/>
        </file>
      </package>
      <package name="meat-api.reviews">
        <metrics statements="11" coveredstatements="10" conditionals="0" coveredconditionals="0" methods="3" coveredmethods="2"/>
        <file name="reviews.model.ts" path="/home/nelma/repo-git/meat-api/reviews/reviews.model.ts">
          <metrics statements="3" coveredstatements="3" conditionals="0" coveredconditionals="0" methods="0" coveredmethods="0"/>
          <line num="2" count="3" type="stmt"/>
          <line num="18" count="3" type="stmt"/>
          <line num="46" count="3" type="stmt"/>
        </file>
        <file name="reviews.router.ts" path="/home/nelma/repo-git/meat-api/reviews/reviews.router.ts">
          <metrics statements="8" coveredstatements="7" conditionals="0" coveredconditionals="0" methods="3" coveredmethods="2"/>
          <line num="1" count="3" type="stmt"/>
          <line num="2" count="3" type="stmt"/>
          <line num="8" count="3" type="stmt"/>
          <line num="12" count="0" type="stmt"/>
          <line num="28" count="3" type="stmt"/>
          <line num="29" count="3" type="stmt"/>
          <line num="30" count="3" type="stmt"/>
          <line num="34" count="3" type="stmt"/>
        </file>
      </package>
      <package name="meat-api.server">
        <metrics statements="46" coveredstatements="41" conditionals="9" coveredconditionals="5" methods="13" coveredmethods="13"/>
        <file name="error.handler.ts" path="/home/nelma/repo-git/meat-api/server/error.handler.ts">
          <metrics statements="14" coveredstatements="14" conditionals="4" coveredconditionals="3" methods="3" coveredmethods="3"/>
          <line num="4" count="3" type="stmt"/>
          <line num="6" count="11" type="stmt"/>
          <line num="9" count="11" type="stmt"/>
          <line num="10" count="9" type="stmt"/>
          <line num="16" count="11" type="stmt"/>
          <line num="18" count="1" type="cond" truecount="1" falsecount="1"/>
          <line num="20" count="1" type="stmt"/>
          <line num="22" count="2" type="stmt"/>
          <line num="24" count="2" type="stmt"/>
          <line num="25" count="2" type="stmt"/>
          <line num="26" count="2" type="stmt"/>
          <line num="29" count="2" type="stmt"/>
          <line num="33" count="2" type="stmt"/>
          <line num="37" count="11" type="stmt"/>
        </file>
        <file name="merge-patch.parser.ts" path="/home/nelma/repo-git/meat-api/server/merge-patch.parser.ts">
          <metrics statements="9" coveredstatements="5" conditionals="4" coveredconditionals="2" methods="1" coveredmethods="1"/>
          <line num="2" count="3" type="stmt"/>
          <line num="4" count="3" type="stmt"/>
          <line num="6" count="3" type="stmt"/>
          <line num="8" count="21" type="cond" truecount="2" falsecount="2"/>
          <line num="11" count="0" type="stmt"/>
          <line num="13" count="0" type="stmt"/>
          <line num="14" count="0" type="stmt"/>
          <line num="16" count="0" type="stmt"/>
          <line num="19" count="21" type="stmt"/>
        </file>
        <file name="server.ts" path="/home/nelma/repo-git/meat-api/server/server.ts">
          <metrics statements="23" coveredstatements="22" conditionals="1" coveredconditionals="0" methods="9" coveredmethods="9"/>
          <line num="1" count="3" type="stmt"/>
          <line num="2" count="3" type="stmt"/>
          <line num="4" count="3" type="stmt"/>
          <line num="5" count="3" type="stmt"/>
          <line num="6" count="3" type="stmt"/>
          <line num="8" count="3" type="stmt"/>
          <line num="15" count="3" type="stmt"/>
          <line num="18" count="3" type="stmt"/>
          <line num="26" count="3" type="stmt"/>
          <line num="27" count="3" type="stmt"/>
          <line num="30" count="3" type="stmt"/>
          <line num="35" count="3" type="stmt"/>
          <line num="36" count="3" type="stmt"/>
          <line num="37" count="3" type="stmt"/>
          <line num="40" count="3" type="stmt"/>
          <line num="41" count="6" type="stmt"/>
          <line num="48" count="3" type="stmt"/>
          <line num="49" count="3" type="stmt"/>
          <line num="54" count="3" type="stmt"/>
          <line num="57" count="0" type="stmt"/>
          <line num="64" count="3" type="stmt"/>
          <line num="65" count="3" type="stmt"/>
          <line num="69" count="3" type="stmt"/>
        </file>
      </package>
      <package name="meat-api.users">
        <metrics statements="44" coveredstatements="42" conditionals="8" coveredconditionals="6" methods="10" coveredmethods="10"/>
        <file name="users.model.ts" path="/home/nelma/repo-git/meat-api/users/users.model.ts">
          <metrics statements="24" coveredstatements="23" conditionals="4" coveredconditionals="3" methods="5" coveredmethods="5"/>
          <line num="1" count="3" type="stmt"/>
          <line num="2" count="3" type="stmt"/>
          <line num="3" count="3" type="stmt"/>
          <line num="4" count="3" type="stmt"/>
          <line num="16" count="3" type="stmt"/>
          <line num="49" count="3" type="stmt"/>
          <line num="50" count="1" type="stmt"/>
          <line num="53" count="3" type="stmt"/>
          <line num="54" count="8" type="stmt"/>
          <line num="56" count="8" type="stmt"/>
          <line num="57" count="8" type="stmt"/>
          <line num="61" count="3" type="stmt"/>
          <line num="62" count="7" type="stmt"/>
          <line num="63" count="7" type="cond" truecount="1" falsecount="1"/>
          <line num="64" count="0" type="stmt"/>
          <line num="66" count="7" type="stmt"/>
          <line num="70" count="3" type="stmt"/>
          <line num="71" count="2" type="cond" truecount="2" falsecount="0"/>
          <line num="72" count="1" type="stmt"/>
          <line num="74" count="1" type="stmt"/>
          <line num="78" count="3" type="stmt"/>
          <line num="79" count="3" type="stmt"/>
          <line num="80" count="3" type="stmt"/>
          <line num="82" count="3" type="stmt"/>
        </file>
        <file name="users.router.ts" path="/home/nelma/repo-git/meat-api/users/users.router.ts">
          <metrics statements="20" coveredstatements="19" conditionals="4" coveredconditionals="3" methods="5" coveredmethods="5"/>
          <line num="2" count="3" type="stmt"/>
          <line num="4" count="3" type="stmt"/>
          <line num="9" count="3" type="stmt"/>
          <line num="11" count="3" type="stmt"/>
          <line num="12" count="9" type="stmt"/>
          <line num="19" count="3" type="stmt"/>
          <line num="20" count="2" type="cond" truecount="2" falsecount="0"/>
          <line num="21" count="1" type="stmt"/>
          <line num="23" count="1" type="cond" truecount="1" falsecount="1"/>
          <line num="24" count="1" type="stmt"/>
          <line num="26" count="0" type="stmt"/>
          <line num="35" count="1" type="stmt"/>
          <line num="47" count="3" type="stmt"/>
          <line num="48" count="3" type="stmt"/>
          <line num="49" count="3" type="stmt"/>
          <line num="50" count="3" type="stmt"/>
          <line num="51" count="3" type="stmt"/>
          <line num="52" count="3" type="stmt"/>
          <line num="53" count="3" type="stmt"/>
          <line num="57" count="3" type="stmt"/>
        </file>
      </package>
    </metrics>
  </project>
</coverage>
