{"/home/nelma/repo-git/meat-api/jest.startup.ts": {"path":"/home/nelma/repo-git/meat-api/jest.startup.ts","statementMap":{"0":{"start":{"line":3,"column":0},"end":{"line":3,"column":38}},"1":{"start":{"line":4,"column":0},"end":{"line":4,"column":48}},"2":{"start":{"line":5,"column":0},"end":{"line":5,"column":47}},"3":{"start":{"line":6,"column":0},"end":{"line":6,"column":40}},"4":{"start":{"line":7,"column":0},"end":{"line":7,"column":55}},"5":{"start":{"line":8,"column":0},"end":{"line":8,"column":48}},"6":{"start":{"line":13,"column":13},"end":{"line":25,"column":1}},"7":{"start":{"line":14,"column":2},"end":{"line":14,"column":83}},"8":{"start":{"line":15,"column":2},"end":{"line":15,"column":59}},"9":{"start":{"line":16,"column":2},"end":{"line":16,"column":24}},"10":{"start":{"line":19,"column":2},"end":{"line":24,"column":39}},"11":{"start":{"line":23,"column":14},"end":{"line":23,"column":36}},"12":{"start":{"line":24,"column":14},"end":{"line":24,"column":38}},"13":{"start":{"line":27,"column":13},"end":{"line":29,"column":1}},"14":{"start":{"line":28,"column":2},"end":{"line":28,"column":25}}},"fnMap":{"0":{"name":"(anonymous_0)","decl":{"start":{"line":13,"column":30},"end":{"line":13,"column":32}},"loc":{"start":{"line":13,"column":35},"end":{"line":25,"column":1}}},"1":{"name":"(anonymous_1)","decl":{"start":{"line":23,"column":8},"end":{"line":23,"column":10}},"loc":{"start":{"line":23,"column":14},"end":{"line":23,"column":36}}},"2":{"name":"(anonymous_2)","decl":{"start":{"line":24,"column":8},"end":{"line":24,"column":10}},"loc":{"start":{"line":24,"column":14},"end":{"line":24,"column":38}}},"3":{"name":"(anonymous_3)","decl":{"start":{"line":27,"column":29},"end":{"line":27,"column":31}},"loc":{"start":{"line":27,"column":34},"end":{"line":29,"column":1}}}},"branchMap":{"0":{"loc":{"start":{"line":14,"column":23},"end":{"line":14,"column":41}},"type":"binary-expr","locations":[{"start":{"line":14,"column":23},"end":{"line":14,"column":41}},{"start":{"line":14,"column":45},"end":{"line":14,"column":83}}]},"1":{"loc":{"start":{"line":15,"column":28},"end":{"line":15,"column":51}},"type":"binary-expr","locations":[{"start":{"line":15,"column":28},"end":{"line":15,"column":51}},{"start":{"line":15,"column":55},"end":{"line":15,"column":59}}]}},"s":{"0":3,"1":3,"2":3,"3":3,"4":3,"5":3,"6":3,"7":3,"8":3,"9":3,"10":3,"11":3,"12":3,"13":3,"14":3},"f":{"0":3,"1":3,"2":3,"3":3},"b":{"0":[3,3],"1":[3,3]}}
,"/home/nelma/repo-git/meat-api/main.ts": {"path":"/home/nelma/repo-git/meat-api/main.ts","statementMap":{"0":{"start":{"line":1,"column":0},"end":{"line":1,"column":-1}},"1":{"start":{"line":2,"column":0},"end":{"line":2,"column":-1}},"2":{"start":{"line":3,"column":0},"end":{"line":3,"column":-1}},"3":{"start":{"line":4,"column":0},"end":{"line":4,"column":-1}},"4":{"start":{"line":8,"column":15},"end":{"line":8,"column":0}},"5":{"start":{"line":9,"column":0},"end":{"line":null,"column":-1}},"6":{"start":{"line":14,"column":2},"end":{"line":null,"column":-1}},"7":{"start":{"line":16,"column":2},"end":{"line":null,"column":-1}},"8":{"start":{"line":18,"column":2},"end":{"line":null,"column":-1}}},"fnMap":{"0":{"name":"(anonymous_0)","decl":{"start":{"line":13,"column":11},"end":{"line":13,"column":19}},"loc":{"start":{"line":13,"column":20},"end":{"line":9,"column":0}}},"1":{"name":"(anonymous_1)","decl":{"start":{"line":15,"column":9},"end":{"line":15,"column":16}},"loc":{"start":{"line":15,"column":17},"end":{"line":9,"column":0}}}},"branchMap":{},"s":{"0":0,"1":0,"2":0,"3":0,"4":0,"5":0,"6":0,"7":0,"8":0},"f":{"0":0,"1":0},"b":{}}
,"/home/nelma/repo-git/meat-api/common/environment.ts": {"path":"/home/nelma/repo-git/meat-api/common/environment.ts","statementMap":{"0":{"start":{"line":1,"column":13},"end":{"line":5,"column":1}}},"fnMap":{},"branchMap":{"0":{"loc":{"start":{"line":2,"column":20},"end":{"line":2,"column":43}},"type":"binary-expr","locations":[{"start":{"line":2,"column":20},"end":{"line":2,"column":43}},{"start":{"line":2,"column":47},"end":{"line":2,"column":51}}]},"1":{"loc":{"start":{"line":3,"column":15},"end":{"line":3,"column":33}},"type":"binary-expr","locations":[{"start":{"line":3,"column":15},"end":{"line":3,"column":33}},{"start":{"line":3,"column":37},"end":{"line":3,"column":67}}]},"2":{"loc":{"start":{"line":4,"column":28},"end":{"line":4,"column":50}},"type":"binary-expr","locations":[{"start":{"line":4,"column":28},"end":{"line":4,"column":50}},{"start":{"line":4,"column":54},"end":{"line":4,"column":56}}]}},"s":{"0":3},"f":{},"b":{"0":[3,3],"1":[3,3],"2":[3,3]}}
,"/home/nelma/repo-git/meat-api/common/model-router.ts": {"path":"/home/nelma/repo-git/meat-api/common/model-router.ts","statementMap":{"0":{"start":{"line":1,"column":0},"end":{"line":1,"column":30}},"1":{"start":{"line":2,"column":0},"end":{"line":2,"column":35}},"2":{"start":{"line":3,"column":0},"end":{"line":3,"column":43}},"3":{"start":{"line":13,"column":4},"end":{"line":13,"column":11}},"4":{"start":{"line":12,"column":24},"end":{"line":12,"column":48}},"5":{"start":{"line":10,"column":2},"end":{"line":10,"column":23}},"6":{"start":{"line":51,"column":2},"end":{"line":57,"column":3}},"7":{"start":{"line":52,"column":4},"end":{"line":56,"column":5}},"8":{"start":{"line":53,"column":6},"end":{"line":53,"column":51}},"9":{"start":{"line":55,"column":6},"end":{"line":55,"column":12}},"10":{"start":{"line":59,"column":2},"end":{"line":78,"column":3}},"11":{"start":{"line":64,"column":15},"end":{"line":64,"column":45}},"12":{"start":{"line":65,"column":4},"end":{"line":65,"column":30}},"13":{"start":{"line":67,"column":17},"end":{"line":67,"column":42}},"14":{"start":{"line":70,"column":4},"end":{"line":77,"column":26}},"15":{"start":{"line":72,"column":16},"end":{"line":75,"column":102}},"16":{"start":{"line":80,"column":2},"end":{"line":84,"column":3}},"17":{"start":{"line":81,"column":4},"end":{"line":83,"column":20}},"18":{"start":{"line":86,"column":2},"end":{"line":91,"column":3}},"19":{"start":{"line":87,"column":19},"end":{"line":87,"column":43}},"20":{"start":{"line":88,"column":4},"end":{"line":90,"column":20}},"21":{"start":{"line":93,"column":2},"end":{"line":104,"column":3}},"22":{"start":{"line":94,"column":20},"end":{"line":94,"column":58}},"23":{"start":{"line":95,"column":4},"end":{"line":103,"column":18}},"24":{"start":{"line":97,"column":6},"end":{"line":101,"column":7}},"25":{"start":{"line":98,"column":8},"end":{"line":98,"column":66}},"26":{"start":{"line":100,"column":8},"end":{"line":100,"column":59}},"27":{"start":{"line":106,"column":2},"end":{"line":111,"column":3}},"28":{"start":{"line":107,"column":20},"end":{"line":107,"column":53}},"29":{"start":{"line":108,"column":4},"end":{"line":110,"column":20}},"30":{"start":{"line":113,"column":2},"end":{"line":122,"column":3}},"31":{"start":{"line":114,"column":4},"end":{"line":121,"column":18}},"32":{"start":{"line":115,"column":6},"end":{"line":119,"column":7}},"33":{"start":{"line":116,"column":8},"end":{"line":116,"column":22}},"34":{"start":{"line":118,"column":8},"end":{"line":118,"column":59}},"35":{"start":{"line":120,"column":6},"end":{"line":120,"column":19}},"36":{"start":{"line":14,"column":4},"end":{"line":14,"column":47}},"37":{"start":{"line":18,"column":4},"end":{"line":18,"column":16}},"38":{"start":{"line":22,"column":19},"end":{"line":22,"column":64}},"39":{"start":{"line":23,"column":4},"end":{"line":23,"column":61}},"40":{"start":{"line":24,"column":4},"end":{"line":24,"column":19}},"41":{"start":{"line":29,"column":26},"end":{"line":34,"column":5}},"42":{"start":{"line":36,"column":4},"end":{"line":46,"column":5}},"43":{"start":{"line":38,"column":6},"end":{"line":40,"column":7}},"44":{"start":{"line":39,"column":8},"end":{"line":39,"column":73}},"45":{"start":{"line":42,"column":24},"end":{"line":42,"column":73}},"46":{"start":{"line":43,"column":6},"end":{"line":45,"column":7}},"47":{"start":{"line":44,"column":8},"end":{"line":44,"column":73}},"48":{"start":{"line":48,"column":4},"end":{"line":48,"column":19}},"49":{"start":{"line":6,"column":0},"end":{"line":124,"column":1}}},"fnMap":{"0":{"name":"(anonymous_0)","decl":{"start":{"line":12,"column":2},"end":{"line":12,"column":23}},"loc":{"start":{"line":12,"column":48},"end":{"line":15,"column":3}}},"1":{"name":"(anonymous_1)","decl":{"start":{"line":51,"column":15},"end":{"line":51,"column":16}},"loc":{"start":{"line":51,"column":34},"end":{"line":57,"column":3}}},"2":{"name":"(anonymous_2)","decl":{"start":{"line":59,"column":12},"end":{"line":59,"column":13}},"loc":{"start":{"line":59,"column":31},"end":{"line":78,"column":3}}},"3":{"name":"(anonymous_3)","decl":{"start":{"line":71,"column":20},"end":{"line":71,"column":24}},"loc":{"start":{"line":72,"column":16},"end":{"line":75,"column":102}}},"4":{"name":"(anonymous_4)","decl":{"start":{"line":80,"column":13},"end":{"line":80,"column":14}},"loc":{"start":{"line":80,"column":32},"end":{"line":84,"column":3}}},"5":{"name":"(anonymous_5)","decl":{"start":{"line":86,"column":9},"end":{"line":86,"column":10}},"loc":{"start":{"line":86,"column":28},"end":{"line":91,"column":3}}},"6":{"name":"(anonymous_6)","decl":{"start":{"line":93,"column":12},"end":{"line":93,"column":13}},"loc":{"start":{"line":93,"column":31},"end":{"line":104,"column":3}}},"7":{"name":"(anonymous_7)","decl":{"start":{"line":96,"column":21},"end":{"line":96,"column":26}},"loc":{"start":{"line":96,"column":29},"end":{"line":102,"column":5}}},"8":{"name":"(anonymous_8)","decl":{"start":{"line":106,"column":11},"end":{"line":106,"column":12}},"loc":{"start":{"line":106,"column":30},"end":{"line":111,"column":3}}},"9":{"name":"(anonymous_9)","decl":{"start":{"line":113,"column":11},"end":{"line":113,"column":12}},"loc":{"start":{"line":113,"column":30},"end":{"line":122,"column":3}}},"10":{"name":"(anonymous_10)","decl":{"start":{"line":114,"column":55},"end":{"line":114,"column":56}},"loc":{"start":{"line":114,"column":73},"end":{"line":121,"column":5}}},"11":{"name":"(anonymous_11)","decl":{"start":{"line":17,"column":12},"end":{"line":17,"column":21}},"loc":{"start":{"line":17,"column":57},"end":{"line":19,"column":3}}},"12":{"name":"(anonymous_12)","decl":{"start":{"line":21,"column":2},"end":{"line":21,"column":9}},"loc":{"start":{"line":21,"column":24},"end":{"line":25,"column":3}}},"13":{"name":"(anonymous_13)","decl":{"start":{"line":27,"column":2},"end":{"line":27,"column":12}},"loc":{"start":{"line":27,"column":49},"end":{"line":49,"column":1}}}},"branchMap":{"0":{"loc":{"start":{"line":52,"column":4},"end":{"line":56,"column":5}},"type":"if","locations":[{"start":{"line":52,"column":4},"end":{"line":56,"column":5}},{"start":{"line":52,"column":4},"end":{"line":56,"column":5}}]},"1":{"loc":{"start":{"line":64,"column":24},"end":{"line":64,"column":39}},"type":"binary-expr","locations":[{"start":{"line":64,"column":24},"end":{"line":64,"column":39}},{"start":{"line":64,"column":43},"end":{"line":64,"column":44}}]},"2":{"loc":{"start":{"line":65,"column":22},"end":{"line":65,"column":26}},"type":"cond-expr","locations":[{"start":{"line":65,"column":22},"end":{"line":65,"column":26}},{"start":{"line":65,"column":29},"end":{"line":65,"column":30}}]},"3":{"loc":{"start":{"line":97,"column":6},"end":{"line":101,"column":7}},"type":"if","locations":[{"start":{"line":97,"column":6},"end":{"line":101,"column":7}},{"start":{"line":97,"column":6},"end":{"line":101,"column":7}}]},"4":{"loc":{"start":{"line":115,"column":6},"end":{"line":119,"column":7}},"type":"if","locations":[{"start":{"line":115,"column":6},"end":{"line":119,"column":7}},{"start":{"line":115,"column":6},"end":{"line":119,"column":7}}]},"5":{"loc":{"start":{"line":27,"column":47},"end":{"line":27,"column":49}},"type":"default-arg","locations":[{"start":{"line":27,"column":47},"end":{"line":27,"column":49}}]},"6":{"loc":{"start":{"line":36,"column":4},"end":{"line":46,"column":5}},"type":"if","locations":[{"start":{"line":36,"column":4},"end":{"line":46,"column":5}},{"start":{"line":36,"column":4},"end":{"line":46,"column":5}}]},"7":{"loc":{"start":{"line":36,"column":7},"end":{"line":36,"column":19}},"type":"binary-expr","locations":[{"start":{"line":36,"column":7},"end":{"line":36,"column":19}},{"start":{"line":36,"column":23},"end":{"line":36,"column":36}},{"start":{"line":36,"column":40},"end":{"line":36,"column":56}}]},"8":{"loc":{"start":{"line":38,"column":6},"end":{"line":40,"column":7}},"type":"if","locations":[{"start":{"line":38,"column":6},"end":{"line":40,"column":7}},{"start":{"line":38,"column":6},"end":{"line":40,"column":7}}]},"9":{"loc":{"start":{"line":43,"column":6},"end":{"line":45,"column":7}},"type":"if","locations":[{"start":{"line":43,"column":6},"end":{"line":45,"column":7}},{"start":{"line":43,"column":6},"end":{"line":45,"column":7}}]}},"s":{"0":3,"1":3,"2":3,"3":6,"4":6,"5":6,"6":6,"7":8,"8":5,"9":3,"10":6,"11":2,"12":2,"13":2,"14":2,"15":2,"16":6,"17":0,"18":6,"19":10,"20":10,"21":6,"22":1,"23":1,"24":1,"25":1,"26":0,"27":6,"28":1,"29":1,"30":6,"31":1,"32":1,"33":1,"34":0,"35":1,"36":6,"37":1,"38":10,"39":10,"40":10,"41":3,"42":3,"43":0,"44":0,"45":0,"46":0,"47":0,"48":3,"49":3},"f":{"0":6,"1":8,"2":2,"3":2,"4":0,"5":10,"6":1,"7":1,"8":1,"9":1,"10":1,"11":1,"12":10,"13":3},"b":{"0":[5,3],"1":[2,2],"2":[2,0],"3":[1,0],"4":[1,0],"5":[0],"6":[0,3],"7":[3,2,0],"8":[0,0],"9":[0,0]}}
,"/home/nelma/repo-git/meat-api/common/router.ts": {"path":"/home/nelma/repo-git/meat-api/common/router.ts","statementMap":{"0":{"start":{"line":2,"column":0},"end":{"line":2,"column":37}},"1":{"start":{"line":3,"column":0},"end":{"line":3,"column":46}},"2":{"start":{"line":9,"column":8},"end":{"line":9,"column":23}},"3":{"start":{"line":13,"column":8},"end":{"line":13,"column":24}},"4":{"start":{"line":18,"column":8},"end":{"line":29,"column":9}},"5":{"start":{"line":19,"column":12},"end":{"line":27,"column":13}},"6":{"start":{"line":22,"column":16},"end":{"line":22,"column":51}},"7":{"start":{"line":24,"column":16},"end":{"line":24,"column":56}},"8":{"start":{"line":26,"column":16},"end":{"line":26,"column":67}},"9":{"start":{"line":28,"column":12},"end":{"line":28,"column":30}},"10":{"start":{"line":33,"column":8},"end":{"line":45,"column":9}},"11":{"start":{"line":34,"column":12},"end":{"line":42,"column":13}},"12":{"start":{"line":35,"column":16},"end":{"line":38,"column":18}},"13":{"start":{"line":36,"column":20},"end":{"line":36,"column":55}},"14":{"start":{"line":37,"column":20},"end":{"line":37,"column":58}},"15":{"start":{"line":39,"column":16},"end":{"line":39,"column":68}},"16":{"start":{"line":41,"column":16},"end":{"line":41,"column":51}},"17":{"start":{"line":44,"column":12},"end":{"line":44,"column":31}},"18":{"start":{"line":5,"column":0},"end":{"line":47,"column":1}}},"fnMap":{"0":{"name":"(anonymous_0)","decl":{"start":{"line":8,"column":4},"end":{"line":8,"column":11}},"loc":{"start":{"line":8,"column":26},"end":{"line":10,"column":5}}},"1":{"name":"(anonymous_1)","decl":{"start":{"line":12,"column":4},"end":{"line":12,"column":14}},"loc":{"start":{"line":12,"column":51},"end":{"line":14,"column":5}}},"2":{"name":"(anonymous_2)","decl":{"start":{"line":16,"column":4},"end":{"line":16,"column":9}},"loc":{"start":{"line":16,"column":57},"end":{"line":30,"column":5}}},"3":{"name":"(anonymous_3)","decl":{"start":{"line":18,"column":15},"end":{"line":18,"column":16}},"loc":{"start":{"line":18,"column":28},"end":{"line":29,"column":9}}},"4":{"name":"(anonymous_4)","decl":{"start":{"line":32,"column":4},"end":{"line":32,"column":12}},"loc":{"start":{"line":32,"column":79},"end":{"line":46,"column":5}}},"5":{"name":"(anonymous_5)","decl":{"start":{"line":33,"column":15},"end":{"line":33,"column":16}},"loc":{"start":{"line":33,"column":36},"end":{"line":45,"column":9}}},"6":{"name":"(anonymous_6)","decl":{"start":{"line":35,"column":36},"end":{"line":35,"column":37}},"loc":{"start":{"line":35,"column":63},"end":{"line":38,"column":17}}}},"branchMap":{"0":{"loc":{"start":{"line":12,"column":49},"end":{"line":12,"column":51}},"type":"default-arg","locations":[{"start":{"line":12,"column":49},"end":{"line":12,"column":51}}]},"1":{"loc":{"start":{"line":19,"column":12},"end":{"line":27,"column":13}},"type":"if","locations":[{"start":{"line":19,"column":12},"end":{"line":27,"column":13}},{"start":{"line":19,"column":12},"end":{"line":27,"column":13}}]},"2":{"loc":{"start":{"line":32,"column":77},"end":{"line":32,"column":79}},"type":"default-arg","locations":[{"start":{"line":32,"column":77},"end":{"line":32,"column":79}}]},"3":{"loc":{"start":{"line":34,"column":12},"end":{"line":42,"column":13}},"type":"if","locations":[{"start":{"line":34,"column":12},"end":{"line":42,"column":13}},{"start":{"line":34,"column":12},"end":{"line":42,"column":13}}]}},"s":{"0":3,"1":3,"2":0,"3":0,"4":12,"5":9,"6":9,"7":9,"8":0,"9":9,"10":3,"11":3,"12":3,"13":1,"14":1,"15":3,"16":0,"17":3,"18":3},"f":{"0":0,"1":0,"2":12,"3":9,"4":3,"5":3,"6":1},"b":{"0":[0],"1":[9,0],"2":[0],"3":[3,0]}}
,"/home/nelma/repo-git/meat-api/common/validators.ts": {"path":"/home/nelma/repo-git/meat-api/common/validators.ts","statementMap":{"0":{"start":{"line":2,"column":13},"end":{"line":36,"column":1}},"1":{"start":{"line":5,"column":4},"end":{"line":7,"column":5}},"2":{"start":{"line":6,"column":6},"end":{"line":6,"column":18}},"3":{"start":{"line":8,"column":4},"end":{"line":8,"column":63}},"4":{"start":{"line":10,"column":4},"end":{"line":10,"column":11}},"5":{"start":{"line":11,"column":4},"end":{"line":13,"column":5}},"6":{"start":{"line":12,"column":6},"end":{"line":12,"column":60}},"7":{"start":{"line":14,"column":4},"end":{"line":14,"column":26}},"8":{"start":{"line":16,"column":4},"end":{"line":18,"column":5}},"9":{"start":{"line":17,"column":6},"end":{"line":17,"column":14}},"10":{"start":{"line":19,"column":4},"end":{"line":21,"column":5}},"11":{"start":{"line":20,"column":6},"end":{"line":20,"column":18}},"12":{"start":{"line":23,"column":4},"end":{"line":23,"column":11}},"13":{"start":{"line":24,"column":4},"end":{"line":26,"column":5}},"14":{"start":{"line":25,"column":6},"end":{"line":25,"column":60}},"15":{"start":{"line":27,"column":4},"end":{"line":27,"column":26}},"16":{"start":{"line":29,"column":4},"end":{"line":31,"column":5}},"17":{"start":{"line":30,"column":6},"end":{"line":30,"column":14}},"18":{"start":{"line":32,"column":4},"end":{"line":34,"column":5}},"19":{"start":{"line":33,"column":6},"end":{"line":33,"column":18}},"20":{"start":{"line":35,"column":4},"end":{"line":35,"column":15}}},"fnMap":{"0":{"name":"(anonymous_0)","decl":{"start":{"line":2,"column":27},"end":{"line":2,"column":28}},"loc":{"start":{"line":2,"column":52},"end":{"line":36,"column":1}}}},"branchMap":{"0":{"loc":{"start":{"line":5,"column":4},"end":{"line":7,"column":5}},"type":"if","locations":[{"start":{"line":5,"column":4},"end":{"line":7,"column":5}},{"start":{"line":5,"column":4},"end":{"line":7,"column":5}}]},"1":{"loc":{"start":{"line":5,"column":7},"end":{"line":5,"column":23}},"type":"binary-expr","locations":[{"start":{"line":5,"column":7},"end":{"line":5,"column":23}},{"start":{"line":5,"column":27},"end":{"line":5,"column":50}},{"start":{"line":5,"column":54},"end":{"line":5,"column":75}}]},"2":{"loc":{"start":{"line":16,"column":4},"end":{"line":18,"column":5}},"type":"if","locations":[{"start":{"line":16,"column":4},"end":{"line":18,"column":5}},{"start":{"line":16,"column":4},"end":{"line":18,"column":5}}]},"3":{"loc":{"start":{"line":16,"column":9},"end":{"line":16,"column":20}},"type":"binary-expr","locations":[{"start":{"line":16,"column":9},"end":{"line":16,"column":20}},{"start":{"line":16,"column":26},"end":{"line":16,"column":37}}]},"4":{"loc":{"start":{"line":19,"column":4},"end":{"line":21,"column":5}},"type":"if","locations":[{"start":{"line":19,"column":4},"end":{"line":21,"column":5}},{"start":{"line":19,"column":4},"end":{"line":21,"column":5}}]},"5":{"loc":{"start":{"line":29,"column":4},"end":{"line":31,"column":5}},"type":"if","locations":[{"start":{"line":29,"column":4},"end":{"line":31,"column":5}},{"start":{"line":29,"column":4},"end":{"line":31,"column":5}}]},"6":{"loc":{"start":{"line":29,"column":9},"end":{"line":29,"column":20}},"type":"binary-expr","locations":[{"start":{"line":29,"column":9},"end":{"line":29,"column":20}},{"start":{"line":29,"column":26},"end":{"line":29,"column":37}}]},"7":{"loc":{"start":{"line":32,"column":4},"end":{"line":34,"column":5}},"type":"if","locations":[{"start":{"line":32,"column":4},"end":{"line":34,"column":5}},{"start":{"line":32,"column":4},"end":{"line":34,"column":5}}]}},"s":{"0":3,"1":8,"2":0,"3":8,"4":8,"5":8,"6":72,"7":8,"8":8,"9":0,"10":8,"11":0,"12":8,"13":8,"14":80,"15":8,"16":8,"17":0,"18":8,"19":1,"20":7},"f":{"0":8},"b":{"0":[0,8],"1":[8,8,8],"2":[0,8],"3":[8,8],"4":[0,8],"5":[0,8],"6":[8,8],"7":[1,7]}}
,"/home/nelma/repo-git/meat-api/restaurants/restaurants.model.ts": {"path":"/home/nelma/repo-git/meat-api/restaurants/restaurants.model.ts","statementMap":{"0":{"start":{"line":1,"column":0},"end":{"line":1,"column":-1}},"1":{"start":{"line":18,"column":19},"end":{"line":18,"column":0}},"2":{"start":{"line":30,"column":19},"end":{"line":30,"column":0}},"3":{"start":{"line":43,"column":13},"end":{"line":null,"column":-1}}},"fnMap":{},"branchMap":{},"s":{"0":0,"1":0,"2":0,"3":0},"f":{},"b":{}}
,"/home/nelma/repo-git/meat-api/restaurants/restaurants.router.ts": {"path":"/home/nelma/repo-git/meat-api/restaurants/restaurants.router.ts","statementMap":{"0":{"start":{"line":1,"column":0},"end":{"line":1,"column":-1}},"1":{"start":{"line":2,"column":0},"end":{"line":2,"column":-1}},"2":{"start":{"line":4,"column":0},"end":{"line":4,"column":-1}},"3":{"start":{"line":9,"column":8},"end":{"line":null,"column":-1}},"4":{"start":{"line":13,"column":4},"end":{"line":null,"column":-1}},"5":{"start":{"line":15,"column":8},"end":{"line":null,"column":-1}},"6":{"start":{"line":17,"column":24},"end":{"line":22,"column":25}},"7":{"start":{"line":18,"column":28},"end":{"line":null,"column":-1}},"8":{"start":{"line":20,"column":28},"end":{"line":null,"column":-1}},"9":{"start":{"line":21,"column":28},"end":{"line":null,"column":-1}},"10":{"start":{"line":26,"column":4},"end":{"line":null,"column":-1}},"11":{"start":{"line":27,"column":8},"end":{"line":null,"column":-1}},"12":{"start":{"line":29,"column":24},"end":{"line":34,"column":25}},"13":{"start":{"line":30,"column":28},"end":{"line":null,"column":-1}},"14":{"start":{"line":32,"column":28},"end":{"line":31,"column":31}},"15":{"start":{"line":33,"column":28},"end":{"line":null,"column":-1}},"16":{"start":{"line":36,"column":24},"end":{"line":null,"column":-1}},"17":{"start":{"line":37,"column":24},"end":{"line":null,"column":-1}},"18":{"start":{"line":45,"column":8},"end":{"line":null,"column":-1}},"19":{"start":{"line":46,"column":8},"end":{"line":null,"column":-1}},"20":{"start":{"line":47,"column":8},"end":{"line":null,"column":-1}},"21":{"start":{"line":48,"column":8},"end":{"line":null,"column":-1}},"22":{"start":{"line":49,"column":8},"end":{"line":null,"column":-1}},"23":{"start":{"line":50,"column":8},"end":{"line":null,"column":-1}},"24":{"start":{"line":52,"column":8},"end":{"line":null,"column":-1}},"25":{"start":{"line":53,"column":8},"end":{"line":null,"column":-1}},"26":{"start":{"line":57,"column":13},"end":{"line":null,"column":-1}}},"fnMap":{"0":{"name":"(anonymous_0)","decl":{"start":{"line":8,"column":4},"end":{"line":8,"column":3}},"loc":{"start":{"line":8,"column":4},"end":{"line":10,"column":5}}},"1":{"name":"(anonymous_1)","decl":{"start":{"line":13,"column":15},"end":{"line":13,"column":16}},"loc":{"start":{"line":13,"column":35},"end":{"line":13,"column":4}}},"2":{"name":"(anonymous_2)","decl":{"start":{"line":16,"column":27},"end":{"line":16,"column":33}},"loc":{"start":{"line":16,"column":34},"end":{"line":15,"column":8}}},"3":{"name":"(anonymous_3)","decl":{"start":{"line":26,"column":17},"end":{"line":26,"column":18}},"loc":{"start":{"line":26,"column":37},"end":{"line":26,"column":4}}},"4":{"name":"(anonymous_4)","decl":{"start":{"line":28,"column":27},"end":{"line":28,"column":33}},"loc":{"start":{"line":28,"column":34},"end":{"line":27,"column":8}}},"5":{"name":"(anonymous_5)","decl":{"start":{"line":35,"column":28},"end":{"line":35,"column":34}},"loc":{"start":{"line":35,"column":35},"end":{"line":27,"column":8}}},"6":{"name":"(anonymous_6)","decl":{"start":{"line":41,"column":4},"end":{"line":41,"column":15}},"loc":{"start":{"line":41,"column":43},"end":{"line":7,"column":54}}}},"branchMap":{"0":{"loc":{"start":{"line":17,"column":24},"end":{"line":22,"column":25}},"type":"if","locations":[{"start":{"line":17,"column":24},"end":{"line":22,"column":25}},{"start":{"line":17,"column":24},"end":{"line":22,"column":25}}]},"1":{"loc":{"start":{"line":29,"column":24},"end":{"line":34,"column":25}},"type":"if","locations":[{"start":{"line":29,"column":24},"end":{"line":34,"column":25}},{"start":{"line":29,"column":24},"end":{"line":34,"column":25}}]}},"s":{"0":0,"1":0,"2":0,"3":0,"4":0,"5":0,"6":0,"7":0,"8":0,"9":0,"10":0,"11":0,"12":0,"13":0,"14":0,"15":0,"16":0,"17":0,"18":0,"19":0,"20":0,"21":0,"22":0,"23":0,"24":0,"25":0,"26":0},"f":{"0":0,"1":0,"2":0,"3":0,"4":0,"5":0,"6":0},"b":{"0":[0,0],"1":[0,0]}}
,"/home/nelma/repo-git/meat-api/reviews/reviews.model.ts": {"path":"/home/nelma/repo-git/meat-api/reviews/reviews.model.ts","statementMap":{"0":{"start":{"line":2,"column":0},"end":{"line":2,"column":36}},"1":{"start":{"line":18,"column":21},"end":{"line":44,"column":2}},"2":{"start":{"line":46,"column":13},"end":{"line":46,"column":68}}},"fnMap":{},"branchMap":{},"s":{"0":3,"1":3,"2":3},"f":{},"b":{}}
,"/home/nelma/repo-git/meat-api/reviews/reviews.router.ts": {"path":"/home/nelma/repo-git/meat-api/reviews/reviews.router.ts","statementMap":{"0":{"start":{"line":1,"column":0},"end":{"line":1,"column":52}},"1":{"start":{"line":2,"column":0},"end":{"line":2,"column":40}},"2":{"start":{"line":8,"column":8},"end":{"line":8,"column":21}},"3":{"start":{"line":12,"column":8},"end":{"line":12,"column":76}},"4":{"start":{"line":28,"column":8},"end":{"line":28,"column":49}},"5":{"start":{"line":29,"column":8},"end":{"line":29,"column":73}},"6":{"start":{"line":30,"column":8},"end":{"line":30,"column":47}},"7":{"start":{"line":34,"column":13},"end":{"line":34,"column":47}}},"fnMap":{"0":{"name":"(anonymous_0)","decl":{"start":{"line":7,"column":4},"end":{"line":null,"column":-1}},"loc":{"start":{"line":7,"column":4},"end":{"line":9,"column":5}}},"1":{"name":"(anonymous_1)","decl":{"start":{"line":11,"column":14},"end":{"line":11,"column":23}},"loc":{"start":{"line":11,"column":70},"end":{"line":13,"column":5}}},"2":{"name":"(anonymous_2)","decl":{"start":{"line":24,"column":4},"end":{"line":24,"column":14}},"loc":{"start":{"line":24,"column":43},"end":{"line":31,"column":5}}}},"branchMap":{},"s":{"0":3,"1":3,"2":3,"3":0,"4":3,"5":3,"6":3,"7":3},"f":{"0":3,"1":0,"2":3},"b":{}}
,"/home/nelma/repo-git/meat-api/server/error.handler.ts": {"path":"/home/nelma/repo-git/meat-api/server/error.handler.ts","statementMap":{"0":{"start":{"line":4,"column":13},"end":{"line":38,"column":1}},"1":{"start":{"line":6,"column":4},"end":{"line":6,"column":20}},"2":{"start":{"line":9,"column":4},"end":{"line":13,"column":5}},"3":{"start":{"line":10,"column":8},"end":{"line":12,"column":9}},"4":{"start":{"line":16,"column":4},"end":{"line":34,"column":5}},"5":{"start":{"line":18,"column":12},"end":{"line":18,"column":55}},"6":{"start":{"line":18,"column":35},"end":{"line":18,"column":55}},"7":{"start":{"line":20,"column":12},"end":{"line":20,"column":17}},"8":{"start":{"line":22,"column":12},"end":{"line":22,"column":32}},"9":{"start":{"line":24,"column":36},"end":{"line":24,"column":38}},"10":{"start":{"line":25,"column":12},"end":{"line":27,"column":13}},"11":{"start":{"line":26,"column":16},"end":{"line":26,"column":68}},"12":{"start":{"line":29,"column":12},"end":{"line":32,"column":14}},"13":{"start":{"line":29,"column":32},"end":{"line":32,"column":13}},"14":{"start":{"line":33,"column":12},"end":{"line":33,"column":17}},"15":{"start":{"line":37,"column":4},"end":{"line":37,"column":10}}},"fnMap":{"0":{"name":"(anonymous_0)","decl":{"start":{"line":4,"column":28},"end":{"line":4,"column":29}},"loc":{"start":{"line":4,"column":88},"end":{"line":38,"column":1}}},"1":{"name":"(anonymous_1)","decl":{"start":{"line":9,"column":17},"end":{"line":9,"column":19}},"loc":{"start":{"line":9,"column":22},"end":{"line":13,"column":5}}},"2":{"name":"(anonymous_2)","decl":{"start":{"line":29,"column":25},"end":{"line":29,"column":27}},"loc":{"start":{"line":29,"column":32},"end":{"line":32,"column":13}}}},"branchMap":{"0":{"loc":{"start":{"line":17,"column":8},"end":{"line":20,"column":17}},"type":"switch","locations":[{"start":{"line":17,"column":8},"end":{"line":20,"column":17}},{"start":{"line":21,"column":8},"end":{"line":33,"column":17}}]},"1":{"loc":{"start":{"line":18,"column":12},"end":{"line":18,"column":55}},"type":"if","locations":[{"start":{"line":18,"column":12},"end":{"line":18,"column":55}},{"start":{"line":18,"column":12},"end":{"line":18,"column":55}}]}},"s":{"0":3,"1":11,"2":11,"3":9,"4":11,"5":1,"6":1,"7":1,"8":2,"9":2,"10":2,"11":2,"12":2,"13":2,"14":2,"15":11},"f":{"0":11,"1":9,"2":2},"b":{"0":[1,2],"1":[1,0]}}
,"/home/nelma/repo-git/meat-api/server/merge-patch.parser.ts": {"path":"/home/nelma/repo-git/meat-api/server/merge-patch.parser.ts","statementMap":{"0":{"start":{"line":2,"column":0},"end":{"line":2,"column":48}},"1":{"start":{"line":4,"column":22},"end":{"line":4,"column":52}},"2":{"start":{"line":6,"column":13},"end":{"line":20,"column":1}},"3":{"start":{"line":8,"column":4},"end":{"line":18,"column":5}},"4":{"start":{"line":11,"column":14},"end":{"line":11,"column":37}},"5":{"start":{"line":13,"column":8},"end":{"line":17,"column":9}},"6":{"start":{"line":14,"column":12},"end":{"line":14,"column":43}},"7":{"start":{"line":16,"column":12},"end":{"line":16,"column":77}},"8":{"start":{"line":19,"column":4},"end":{"line":19,"column":17}}},"fnMap":{"0":{"name":"(anonymous_0)","decl":{"start":{"line":6,"column":36},"end":{"line":6,"column":37}},"loc":{"start":{"line":6,"column":73},"end":{"line":20,"column":1}}}},"branchMap":{"0":{"loc":{"start":{"line":8,"column":4},"end":{"line":18,"column":5}},"type":"if","locations":[{"start":{"line":8,"column":4},"end":{"line":18,"column":5}},{"start":{"line":8,"column":4},"end":{"line":18,"column":5}}]},"1":{"loc":{"start":{"line":8,"column":7},"end":{"line":8,"column":45}},"type":"binary-expr","locations":[{"start":{"line":8,"column":7},"end":{"line":8,"column":45}},{"start":{"line":8,"column":49},"end":{"line":8,"column":71}}]}},"s":{"0":3,"1":3,"2":3,"3":21,"4":0,"5":0,"6":0,"7":0,"8":21},"f":{"0":21},"b":{"0":[0,21],"1":[21,0]}}
,"/home/nelma/repo-git/meat-api/server/server.ts": {"path":"/home/nelma/repo-git/meat-api/server/server.ts","statementMap":{"0":{"start":{"line":1,"column":0},"end":{"line":1,"column":33}},"1":{"start":{"line":2,"column":0},"end":{"line":2,"column":51}},"2":{"start":{"line":4,"column":0},"end":{"line":4,"column":35}},"3":{"start":{"line":5,"column":0},"end":{"line":5,"column":59}},"4":{"start":{"line":6,"column":0},"end":{"line":6,"column":46}},"5":{"start":{"line":15,"column":14},"end":{"line":15,"column":48}},"6":{"start":{"line":18,"column":8},"end":{"line":20,"column":10}},"7":{"start":{"line":26,"column":8},"end":{"line":59,"column":10}},"8":{"start":{"line":27,"column":12},"end":{"line":58,"column":13}},"9":{"start":{"line":30,"column":16},"end":{"line":33,"column":18}},"10":{"start":{"line":35,"column":16},"end":{"line":35,"column":67}},"11":{"start":{"line":36,"column":16},"end":{"line":36,"column":66}},"12":{"start":{"line":37,"column":16},"end":{"line":37,"column":58}},"13":{"start":{"line":40,"column":16},"end":{"line":42,"column":17}},"14":{"start":{"line":41,"column":20},"end":{"line":41,"column":56}},"15":{"start":{"line":48,"column":16},"end":{"line":50,"column":18}},"16":{"start":{"line":49,"column":20},"end":{"line":49,"column":45}},"17":{"start":{"line":54,"column":16},"end":{"line":54,"column":65}},"18":{"start":{"line":57,"column":16},"end":{"line":57,"column":29}},"19":{"start":{"line":64,"column":8},"end":{"line":65,"column":58}},"20":{"start":{"line":65,"column":16},"end":{"line":65,"column":57}},"21":{"start":{"line":65,"column":52},"end":{"line":65,"column":56}},"22":{"start":{"line":69,"column":8},"end":{"line":69,"column":73}},"23":{"start":{"line":69,"column":48},"end":{"line":69,"column":72}},"24":{"start":{"line":8,"column":0},"end":{"line":71,"column":1}}},"fnMap":{"0":{"name":"(anonymous_0)","decl":{"start":{"line":13,"column":4},"end":{"line":13,"column":15}},"loc":{"start":{"line":13,"column":16},"end":{"line":21,"column":5}}},"1":{"name":"(anonymous_1)","decl":{"start":{"line":25,"column":4},"end":{"line":25,"column":13}},"loc":{"start":{"line":25,"column":32},"end":{"line":60,"column":5}}},"2":{"name":"(anonymous_2)","decl":{"start":{"line":26,"column":28},"end":{"line":26,"column":29}},"loc":{"start":{"line":26,"column":48},"end":{"line":59,"column":9}}},"3":{"name":"(anonymous_3)","decl":{"start":{"line":48,"column":65},"end":{"line":48,"column":67}},"loc":{"start":{"line":48,"column":70},"end":{"line":50,"column":17}}},"4":{"name":"(anonymous_4)","decl":{"start":{"line":63,"column":4},"end":{"line":63,"column":12}},"loc":{"start":{"line":63,"column":36},"end":{"line":66,"column":5}}},"5":{"name":"(anonymous_5)","decl":{"start":{"line":64,"column":41},"end":{"line":64,"column":43}},"loc":{"start":{"line":65,"column":16},"end":{"line":65,"column":57}}},"6":{"name":"(anonymous_6)","decl":{"start":{"line":65,"column":46},"end":{"line":65,"column":48}},"loc":{"start":{"line":65,"column":52},"end":{"line":65,"column":56}}},"7":{"name":"(anonymous_7)","decl":{"start":{"line":68,"column":4},"end":{"line":68,"column":10}},"loc":{"start":{"line":68,"column":11},"end":{"line":70,"column":5}}},"8":{"name":"(anonymous_8)","decl":{"start":{"line":69,"column":42},"end":{"line":69,"column":44}},"loc":{"start":{"line":69,"column":48},"end":{"line":69,"column":72}}}},"branchMap":{"0":{"loc":{"start":{"line":63,"column":34},"end":{"line":63,"column":36}},"type":"default-arg","locations":[{"start":{"line":63,"column":34},"end":{"line":63,"column":36}}]}},"s":{"0":3,"1":3,"2":3,"3":3,"4":3,"5":3,"6":3,"7":3,"8":3,"9":3,"10":3,"11":3,"12":3,"13":3,"14":6,"15":3,"16":3,"17":3,"18":0,"19":3,"20":3,"21":3,"22":3,"23":3,"24":3},"f":{"0":3,"1":3,"2":3,"3":3,"4":3,"5":3,"6":3,"7":3,"8":3},"b":{"0":[0]}}
,"/home/nelma/repo-git/meat-api/users/users.model.ts": {"path":"/home/nelma/repo-git/meat-api/users/users.model.ts","statementMap":{"0":{"start":{"line":1,"column":0},"end":{"line":1,"column":35}},"1":{"start":{"line":2,"column":0},"end":{"line":2,"column":47}},"2":{"start":{"line":3,"column":0},"end":{"line":3,"column":31}},"3":{"start":{"line":4,"column":0},"end":{"line":4,"column":48}},"4":{"start":{"line":16,"column":19},"end":{"line":47,"column":2}},"5":{"start":{"line":49,"column":0},"end":{"line":51,"column":1}},"6":{"start":{"line":50,"column":2},"end":{"line":50,"column":30}},"7":{"start":{"line":53,"column":21},"end":{"line":59,"column":1}},"8":{"start":{"line":54,"column":2},"end":{"line":58,"column":22}},"9":{"start":{"line":56,"column":10},"end":{"line":56,"column":29}},"10":{"start":{"line":57,"column":10},"end":{"line":57,"column":16}},"11":{"start":{"line":61,"column":23},"end":{"line":68,"column":1}},"12":{"start":{"line":62,"column":21},"end":{"line":62,"column":25}},"13":{"start":{"line":63,"column":2},"end":{"line":67,"column":3}},"14":{"start":{"line":64,"column":4},"end":{"line":64,"column":10}},"15":{"start":{"line":66,"column":4},"end":{"line":66,"column":28}},"16":{"start":{"line":70,"column":25},"end":{"line":76,"column":1}},"17":{"start":{"line":71,"column":2},"end":{"line":75,"column":3}},"18":{"start":{"line":72,"column":4},"end":{"line":72,"column":10}},"19":{"start":{"line":74,"column":4},"end":{"line":74,"column":40}},"20":{"start":{"line":78,"column":0},"end":{"line":78,"column":38}},"21":{"start":{"line":79,"column":0},"end":{"line":79,"column":52}},"22":{"start":{"line":80,"column":0},"end":{"line":80,"column":42}},"23":{"start":{"line":82,"column":14},"end":{"line":82,"column":72}}},"fnMap":{"0":{"name":"(anonymous_0)","decl":{"start":{"line":49,"column":33},"end":{"line":49,"column":41}},"loc":{"start":{"line":49,"column":55},"end":{"line":51,"column":1}}},"1":{"name":"(anonymous_1)","decl":{"start":{"line":53,"column":21},"end":{"line":53,"column":22}},"loc":{"start":{"line":53,"column":34},"end":{"line":59,"column":1}}},"2":{"name":"(anonymous_2)","decl":{"start":{"line":55,"column":14},"end":{"line":55,"column":17}},"loc":{"start":{"line":55,"column":20},"end":{"line":58,"column":9}}},"3":{"name":"(anonymous_3)","decl":{"start":{"line":61,"column":23},"end":{"line":61,"column":32}},"loc":{"start":{"line":61,"column":37},"end":{"line":68,"column":1}}},"4":{"name":"(anonymous_4)","decl":{"start":{"line":70,"column":25},"end":{"line":70,"column":34}},"loc":{"start":{"line":70,"column":39},"end":{"line":76,"column":1}}}},"branchMap":{"0":{"loc":{"start":{"line":63,"column":2},"end":{"line":67,"column":3}},"type":"if","locations":[{"start":{"line":63,"column":2},"end":{"line":67,"column":3}},{"start":{"line":63,"column":2},"end":{"line":67,"column":3}}]},"1":{"loc":{"start":{"line":71,"column":2},"end":{"line":75,"column":3}},"type":"if","locations":[{"start":{"line":71,"column":2},"end":{"line":75,"column":3}},{"start":{"line":71,"column":2},"end":{"line":75,"column":3}}]}},"s":{"0":3,"1":3,"2":3,"3":3,"4":3,"5":3,"6":1,"7":3,"8":8,"9":8,"10":8,"11":3,"12":7,"13":7,"14":0,"15":7,"16":3,"17":2,"18":1,"19":1,"20":3,"21":3,"22":3,"23":3},"f":{"0":1,"1":8,"2":8,"3":7,"4":2},"b":{"0":[0,7],"1":[1,1]}}
,"/home/nelma/repo-git/meat-api/users/users.router.ts": {"path":"/home/nelma/repo-git/meat-api/users/users.router.ts","statementMap":{"0":{"start":{"line":2,"column":0},"end":{"line":2,"column":36}},"1":{"start":{"line":4,"column":0},"end":{"line":4,"column":52}},"2":{"start":{"line":9,"column":8},"end":{"line":9,"column":20}},"3":{"start":{"line":19,"column":4},"end":{"line":37,"column":5}},"4":{"start":{"line":20,"column":8},"end":{"line":36,"column":9}},"5":{"start":{"line":21,"column":12},"end":{"line":33,"column":28}},"6":{"start":{"line":23,"column":20},"end":{"line":27,"column":21}},"7":{"start":{"line":24,"column":24},"end":{"line":24,"column":37}},"8":{"start":{"line":26,"column":24},"end":{"line":26,"column":33}},"9":{"start":{"line":35,"column":12},"end":{"line":35,"column":19}},"10":{"start":{"line":11,"column":8},"end":{"line":14,"column":10}},"11":{"start":{"line":12,"column":12},"end":{"line":12,"column":41}},"12":{"start":{"line":47,"column":8},"end":{"line":47,"column":92}},"13":{"start":{"line":48,"column":8},"end":{"line":48,"column":72}},"14":{"start":{"line":49,"column":8},"end":{"line":49,"column":71}},"15":{"start":{"line":50,"column":8},"end":{"line":50,"column":45}},"16":{"start":{"line":51,"column":8},"end":{"line":51,"column":70}},"17":{"start":{"line":52,"column":8},"end":{"line":52,"column":71}},"18":{"start":{"line":53,"column":8},"end":{"line":53,"column":69}},"19":{"start":{"line":57,"column":13},"end":{"line":57,"column":43}}},"fnMap":{"0":{"name":"(anonymous_0)","decl":{"start":{"line":8,"column":4},"end":{"line":null,"column":-1}},"loc":{"start":{"line":8,"column":4},"end":{"line":15,"column":5}}},"1":{"name":"(anonymous_1)","decl":{"start":{"line":19,"column":18},"end":{"line":19,"column":19}},"loc":{"start":{"line":19,"column":38},"end":{"line":37,"column":5}}},"2":{"name":"(anonymous_2)","decl":{"start":{"line":22,"column":22},"end":{"line":22,"column":25}},"loc":{"start":{"line":22,"column":29},"end":{"line":28,"column":17}}},"3":{"name":"(anonymous_3)","decl":{"start":{"line":11,"column":32},"end":{"line":11,"column":39}},"loc":{"start":{"line":11,"column":43},"end":{"line":14,"column":9}}},"4":{"name":"(anonymous_4)","decl":{"start":{"line":40,"column":4},"end":{"line":40,"column":14}},"loc":{"start":{"line":40,"column":43},"end":{"line":54,"column":5}}}},"branchMap":{"0":{"loc":{"start":{"line":20,"column":8},"end":{"line":36,"column":9}},"type":"if","locations":[{"start":{"line":20,"column":8},"end":{"line":36,"column":9}},{"start":{"line":20,"column":8},"end":{"line":36,"column":9}}]},"1":{"loc":{"start":{"line":23,"column":20},"end":{"line":27,"column":21}},"type":"if","locations":[{"start":{"line":23,"column":20},"end":{"line":27,"column":21}},{"start":{"line":23,"column":20},"end":{"line":27,"column":21}}]}},"s":{"0":3,"1":3,"2":3,"3":3,"4":2,"5":1,"6":1,"7":1,"8":0,"9":1,"10":3,"11":9,"12":3,"13":3,"14":3,"15":3,"16":3,"17":3,"18":3,"19":3},"f":{"0":3,"1":2,"2":1,"3":9,"4":3},"b":{"0":[1,1],"1":[1,0]}}
}
