TN:
SF:/home/nelma/repo-git/meat-api/jest.startup.ts
FN:13,(anonymous_0)
FN:23,(anonymous_1)
FN:24,(anonymous_2)
FN:27,(anonymous_3)
FNF:4
FNH:4
FNDA:3,(anonymous_0)
FNDA:3,(anonymous_1)
FNDA:3,(anonymous_2)
FNDA:3,(anonymous_3)
DA:3,3
DA:4,3
DA:5,3
DA:6,3
DA:7,3
DA:8,3
DA:13,3
DA:14,3
DA:15,3
DA:16,3
DA:19,3
DA:23,3
DA:24,3
DA:27,3
DA:28,3
LF:15
LH:15
BRDA:14,0,0,3
BRDA:14,0,1,3
BRDA:15,1,0,3
BRDA:15,1,1,3
BRF:4
BRH:4
end_of_record
TN:
SF:/home/nelma/repo-git/meat-api/main.ts
FN:13,(anonymous_0)
FN:15,(anonymous_1)
FNF:2
FNH:0
FNDA:0,(anonymous_0)
FNDA:0,(anonymous_1)
DA:1,0
DA:2,0
DA:3,0
DA:4,0
DA:8,0
DA:9,0
DA:14,0
DA:16,0
DA:18,0
LF:9
LH:0
BRF:0
BRH:0
end_of_record
TN:
SF:/home/nelma/repo-git/meat-api/common/environment.ts
FNF:0
FNH:0
DA:1,3
LF:1
LH:1
BRDA:2,0,0,3
BRDA:2,0,1,3
BRDA:3,1,0,3
BRDA:3,1,1,3
BRDA:4,2,0,3
BRDA:4,2,1,3
BRF:6
BRH:6
end_of_record
TN:
SF:/home/nelma/repo-git/meat-api/common/model-router.ts
FN:12,(anonymous_0)
FN:51,(anonymous_1)
FN:59,(anonymous_2)
FN:71,(anonymous_3)
FN:80,(anonymous_4)
FN:86,(anonymous_5)
FN:93,(anonymous_6)
FN:96,(anonymous_7)
FN:106,(anonymous_8)
FN:113,(anonymous_9)
FN:114,(anonymous_10)
FN:17,(anonymous_11)
FN:21,(anonymous_12)
FN:27,(anonymous_13)
FNF:14
FNH:13
FNDA:6,(anonymous_0)
FNDA:8,(anonymous_1)
FNDA:2,(anonymous_2)
FNDA:2,(anonymous_3)
FNDA:0,(anonymous_4)
FNDA:10,(anonymous_5)
FNDA:1,(anonymous_6)
FNDA:1,(anonymous_7)
FNDA:1,(anonymous_8)
FNDA:1,(anonymous_9)
FNDA:1,(anonymous_10)
FNDA:1,(anonymous_11)
FNDA:10,(anonymous_12)
FNDA:3,(anonymous_13)
DA:1,3
DA:2,3
DA:3,3
DA:6,3
DA:10,6
DA:12,6
DA:13,6
DA:14,6
DA:18,1
DA:22,10
DA:23,10
DA:24,10
DA:29,3
DA:36,3
DA:38,0
DA:39,0
DA:42,0
DA:43,0
DA:44,0
DA:48,3
DA:51,6
DA:52,8
DA:53,5
DA:55,3
DA:59,6
DA:64,2
DA:65,2
DA:67,2
DA:70,2
DA:72,2
DA:80,6
DA:81,0
DA:86,6
DA:87,10
DA:88,10
DA:93,6
DA:94,1
DA:95,1
DA:97,1
DA:98,1
DA:100,0
DA:106,6
DA:107,1
DA:108,1
DA:113,6
DA:114,1
DA:115,1
DA:116,1
DA:118,0
DA:120,1
LF:50
LH:42
BRDA:52,0,0,5
BRDA:52,0,1,3
BRDA:64,1,0,2
BRDA:64,1,1,2
BRDA:65,2,0,2
BRDA:65,2,1,0
BRDA:97,3,0,1
BRDA:97,3,1,0
BRDA:115,4,0,1
BRDA:115,4,1,0
BRDA:27,5,0,0
BRDA:36,6,0,0
BRDA:36,6,1,3
BRDA:36,7,0,3
BRDA:36,7,1,2
BRDA:36,7,2,0
BRDA:38,8,0,0
BRDA:38,8,1,0
BRDA:43,9,0,0
BRDA:43,9,1,0
BRF:20
BRH:10
end_of_record
TN:
SF:/home/nelma/repo-git/meat-api/common/router.ts
FN:8,(anonymous_0)
FN:12,(anonymous_1)
FN:16,(anonymous_2)
FN:18,(anonymous_3)
FN:32,(anonymous_4)
FN:33,(anonymous_5)
FN:35,(anonymous_6)
FNF:7
FNH:5
FNDA:0,(anonymous_0)
FNDA:0,(anonymous_1)
FNDA:12,(anonymous_2)
FNDA:9,(anonymous_3)
FNDA:3,(anonymous_4)
FNDA:3,(anonymous_5)
FNDA:1,(anonymous_6)
DA:2,3
DA:3,3
DA:5,3
DA:9,0
DA:13,0
DA:18,12
DA:19,9
DA:22,9
DA:24,9
DA:26,0
DA:28,9
DA:33,3
DA:34,3
DA:35,3
DA:36,1
DA:37,1
DA:39,3
DA:41,0
DA:44,3
LF:19
LH:15
BRDA:12,0,0,0
BRDA:19,1,0,9
BRDA:19,1,1,0
BRDA:32,2,0,0
BRDA:34,3,0,3
BRDA:34,3,1,0
BRF:6
BRH:2
end_of_record
TN:
SF:/home/nelma/repo-git/meat-api/common/validators.ts
FN:2,(anonymous_0)
FNF:1
FNH:1
FNDA:8,(anonymous_0)
DA:2,3
DA:5,8
DA:6,0
DA:8,8
DA:10,8
DA:11,8
DA:12,72
DA:14,8
DA:16,8
DA:17,0
DA:19,8
DA:20,0
DA:23,8
DA:24,8
DA:25,80
DA:27,8
DA:29,8
DA:30,0
DA:32,8
DA:33,1
DA:35,7
LF:21
LH:17
BRDA:5,0,0,0
BRDA:5,0,1,8
BRDA:5,1,0,8
BRDA:5,1,1,8
BRDA:5,1,2,8
BRDA:16,2,0,0
BRDA:16,2,1,8
BRDA:16,3,0,8
BRDA:16,3,1,8
BRDA:19,4,0,0
BRDA:19,4,1,8
BRDA:29,5,0,0
BRDA:29,5,1,8
BRDA:29,6,0,8
BRDA:29,6,1,8
BRDA:32,7,0,1
BRDA:32,7,1,7
BRF:17
BRH:13
end_of_record
TN:
SF:/home/nelma/repo-git/meat-api/restaurants/restaurants.model.ts
FNF:0
FNH:0
DA:1,0
DA:18,0
DA:30,0
DA:43,0
LF:4
LH:0
BRF:0
BRH:0
end_of_record
TN:
SF:/home/nelma/repo-git/meat-api/restaurants/restaurants.router.ts
FN:8,(anonymous_0)
FN:13,(anonymous_1)
FN:16,(anonymous_2)
FN:26,(anonymous_3)
FN:28,(anonymous_4)
FN:35,(anonymous_5)
FN:41,(anonymous_6)
FNF:7
FNH:0
FNDA:0,(anonymous_0)
FNDA:0,(anonymous_1)
FNDA:0,(anonymous_2)
FNDA:0,(anonymous_3)
FNDA:0,(anonymous_4)
FNDA:0,(anonymous_5)
FNDA:0,(anonymous_6)
DA:1,0
DA:2,0
DA:4,0
DA:9,0
DA:13,0
DA:15,0
DA:17,0
DA:18,0
DA:20,0
DA:21,0
DA:26,0
DA:27,0
DA:29,0
DA:30,0
DA:32,0
DA:33,0
DA:36,0
DA:37,0
DA:45,0
DA:46,0
DA:47,0
DA:48,0
DA:49,0
DA:50,0
DA:52,0
DA:53,0
DA:57,0
LF:27
LH:0
BRDA:17,0,0,0
BRDA:17,0,1,0
BRDA:29,1,0,0
BRDA:29,1,1,0
BRF:4
BRH:0
end_of_record
TN:
SF:/home/nelma/repo-git/meat-api/reviews/reviews.model.ts
FNF:0
FNH:0
DA:2,3
DA:18,3
DA:46,3
LF:3
LH:3
BRF:0
BRH:0
end_of_record
TN:
SF:/home/nelma/repo-git/meat-api/reviews/reviews.router.ts
FN:7,(anonymous_0)
FN:11,(anonymous_1)
FN:24,(anonymous_2)
FNF:3
FNH:2
FNDA:3,(anonymous_0)
FNDA:0,(anonymous_1)
FNDA:3,(anonymous_2)
DA:1,3
DA:2,3
DA:8,3
DA:12,0
DA:28,3
DA:29,3
DA:30,3
DA:34,3
LF:8
LH:7
BRF:0
BRH:0
end_of_record
TN:
SF:/home/nelma/repo-git/meat-api/server/error.handler.ts
FN:4,(anonymous_0)
FN:9,(anonymous_1)
FN:29,(anonymous_2)
FNF:3
FNH:3
FNDA:11,(anonymous_0)
FNDA:9,(anonymous_1)
FNDA:2,(anonymous_2)
DA:4,3
DA:6,11
DA:9,11
DA:10,9
DA:16,11
DA:18,1
DA:20,1
DA:22,2
DA:24,2
DA:25,2
DA:26,2
DA:29,2
DA:33,2
DA:37,11
LF:14
LH:14
BRDA:17,0,0,1
BRDA:17,0,1,2
BRDA:18,1,0,1
BRDA:18,1,1,0
BRF:4
BRH:3
end_of_record
TN:
SF:/home/nelma/repo-git/meat-api/server/merge-patch.parser.ts
FN:6,(anonymous_0)
FNF:1
FNH:1
FNDA:21,(anonymous_0)
DA:2,3
DA:4,3
DA:6,3
DA:8,21
DA:11,0
DA:13,0
DA:14,0
DA:16,0
DA:19,21
LF:9
LH:5
BRDA:8,0,0,0
BRDA:8,0,1,21
BRDA:8,1,0,21
BRDA:8,1,1,0
BRF:4
BRH:2
end_of_record
TN:
SF:/home/nelma/repo-git/meat-api/server/server.ts
FN:13,(anonymous_0)
FN:25,(anonymous_1)
FN:26,(anonymous_2)
FN:48,(anonymous_3)
FN:63,(anonymous_4)
FN:64,(anonymous_5)
FN:65,(anonymous_6)
FN:68,(anonymous_7)
FN:69,(anonymous_8)
FNF:9
FNH:9
FNDA:3,(anonymous_0)
FNDA:3,(anonymous_1)
FNDA:3,(anonymous_2)
FNDA:3,(anonymous_3)
FNDA:3,(anonymous_4)
FNDA:3,(anonymous_5)
FNDA:3,(anonymous_6)
FNDA:3,(anonymous_7)
FNDA:3,(anonymous_8)
DA:1,3
DA:2,3
DA:4,3
DA:5,3
DA:6,3
DA:8,3
DA:15,3
DA:18,3
DA:26,3
DA:27,3
DA:30,3
DA:35,3
DA:36,3
DA:37,3
DA:40,3
DA:41,6
DA:48,3
DA:49,3
DA:54,3
DA:57,0
DA:64,3
DA:65,3
DA:69,3
LF:23
LH:22
BRDA:63,0,0,0
BRF:1
BRH:0
end_of_record
TN:
SF:/home/nelma/repo-git/meat-api/users/users.model.ts
FN:49,(anonymous_0)
FN:53,(anonymous_1)
FN:55,(anonymous_2)
FN:61,(anonymous_3)
FN:70,(anonymous_4)
FNF:5
FNH:5
FNDA:1,(anonymous_0)
FNDA:8,(anonymous_1)
FNDA:8,(anonymous_2)
FNDA:7,(anonymous_3)
FNDA:2,(anonymous_4)
DA:1,3
DA:2,3
DA:3,3
DA:4,3
DA:16,3
DA:49,3
DA:50,1
DA:53,3
DA:54,8
DA:56,8
DA:57,8
DA:61,3
DA:62,7
DA:63,7
DA:64,0
DA:66,7
DA:70,3
DA:71,2
DA:72,1
DA:74,1
DA:78,3
DA:79,3
DA:80,3
DA:82,3
LF:24
LH:23
BRDA:63,0,0,0
BRDA:63,0,1,7
BRDA:71,1,0,1
BRDA:71,1,1,1
BRF:4
BRH:3
end_of_record
TN:
SF:/home/nelma/repo-git/meat-api/users/users.router.ts
FN:8,(anonymous_0)
FN:19,(anonymous_1)
FN:22,(anonymous_2)
FN:11,(anonymous_3)
FN:40,(anonymous_4)
FNF:5
FNH:5
FNDA:3,(anonymous_0)
FNDA:2,(anonymous_1)
FNDA:1,(anonymous_2)
FNDA:9,(anonymous_3)
FNDA:3,(anonymous_4)
DA:2,3
DA:4,3
DA:9,3
DA:11,3
DA:12,9
DA:19,3
DA:20,2
DA:21,1
DA:23,1
DA:24,1
DA:26,0
DA:35,1
DA:47,3
DA:48,3
DA:49,3
DA:50,3
DA:51,3
DA:52,3
DA:53,3
DA:57,3
LF:20
LH:19
BRDA:20,0,0,1
BRDA:20,0,1,1
BRDA:23,1,0,1
BRDA:23,1,1,0
BRF:4
BRH:3
end_of_record
