TN:
SF:/home/nelma/repo-git/meat-api/jest.startup.ts
FN:13,(anonymous_0)
FN:23,(anonymous_1)
FN:24,(anonymous_2)
FN:27,(anonymous_3)
FNF:4
FNH:4
FNDA:2,(anonymous_0)
FNDA:2,(anonymous_1)
FNDA:2,(anonymous_2)
FNDA:2,(anonymous_3)
DA:3,2
DA:4,2
DA:5,2
DA:6,2
DA:7,2
DA:8,2
DA:13,2
DA:14,2
DA:15,2
DA:16,2
DA:19,2
DA:23,2
DA:24,2
DA:27,2
DA:28,2
LF:15
LH:15
BRDA:14,0,0,2
BRDA:14,0,1,2
BRDA:15,1,0,2
BRDA:15,1,1,2
BRF:4
BRH:4
end_of_record
TN:
SF:/home/nelma/repo-git/meat-api/main.ts
FN:13,(anonymous_0)
FN:15,(anonymous_1)
FNF:2
FNH:0
FNDA:0,(anonymous_0)
FNDA:0,(anonymous_1)
DA:1,0
DA:2,0
DA:3,0
DA:4,0
DA:8,0
DA:9,0
DA:14,0
DA:16,0
DA:18,0
LF:9
LH:0
BRF:0
BRH:0
end_of_record
TN:
SF:/home/nelma/repo-git/meat-api/common/environment.ts
FNF:0
FNH:0
DA:1,2
LF:1
LH:1
BRDA:2,0,0,2
BRDA:2,0,1,2
BRDA:3,1,0,2
BRDA:3,1,1,2
BRDA:4,2,0,2
BRDA:4,2,1,2
BRF:6
BRH:6
end_of_record
TN:
SF:/home/nelma/repo-git/meat-api/common/model-router.ts
FN:12,(anonymous_0)
FN:51,(anonymous_1)
FN:59,(anonymous_2)
FN:71,(anonymous_3)
FN:80,(anonymous_4)
FN:86,(anonymous_5)
FN:93,(anonymous_6)
FN:96,(anonymous_7)
FN:106,(anonymous_8)
FN:113,(anonymous_9)
FN:114,(anonymous_10)
FN:17,(anonymous_11)
FN:21,(anonymous_12)
FN:27,(anonymous_13)
FNF:14
FNH:8
FNDA:4,(anonymous_0)
FNDA:2,(anonymous_1)
FNDA:2,(anonymous_2)
FNDA:2,(anonymous_3)
FNDA:0,(anonymous_4)
FNDA:2,(anonymous_5)
FNDA:0,(anonymous_6)
FNDA:0,(anonymous_7)
FNDA:1,(anonymous_8)
FNDA:0,(anonymous_9)
FNDA:0,(anonymous_10)
FNDA:0,(anonymous_11)
FNDA:3,(anonymous_12)
FNDA:2,(anonymous_13)
DA:1,2
DA:2,2
DA:3,2
DA:6,2
DA:10,4
DA:12,4
DA:13,4
DA:14,4
DA:18,0
DA:22,3
DA:23,3
DA:24,3
DA:29,2
DA:36,2
DA:38,0
DA:39,0
DA:42,0
DA:43,0
DA:44,0
DA:48,2
DA:51,4
DA:52,2
DA:53,1
DA:55,1
DA:59,4
DA:64,2
DA:65,2
DA:67,2
DA:70,2
DA:72,2
DA:80,4
DA:81,0
DA:86,4
DA:87,2
DA:88,2
DA:93,4
DA:94,0
DA:95,0
DA:97,0
DA:98,0
DA:100,0
DA:106,4
DA:107,1
DA:108,1
DA:113,4
DA:114,0
DA:115,0
DA:116,0
DA:118,0
DA:120,0
LF:50
LH:33
BRDA:52,0,0,1
BRDA:52,0,1,1
BRDA:64,1,0,2
BRDA:64,1,1,2
BRDA:65,2,0,2
BRDA:65,2,1,0
BRDA:97,3,0,0
BRDA:97,3,1,0
BRDA:115,4,0,0
BRDA:115,4,1,0
BRDA:27,5,0,0
BRDA:36,6,0,0
BRDA:36,6,1,2
BRDA:36,7,0,2
BRDA:36,7,1,2
BRDA:36,7,2,0
BRDA:38,8,0,0
BRDA:38,8,1,0
BRDA:43,9,0,0
BRDA:43,9,1,0
BRF:20
BRH:8
end_of_record
TN:
SF:/home/nelma/repo-git/meat-api/common/router.ts
FN:8,(anonymous_0)
FN:12,(anonymous_1)
FN:16,(anonymous_2)
FN:18,(anonymous_3)
FN:32,(anonymous_4)
FN:33,(anonymous_5)
FN:35,(anonymous_6)
FNF:7
FNH:4
FNDA:0,(anonymous_0)
FNDA:0,(anonymous_1)
FNDA:3,(anonymous_2)
FNDA:3,(anonymous_3)
FNDA:2,(anonymous_4)
FNDA:2,(anonymous_5)
FNDA:0,(anonymous_6)
DA:2,2
DA:3,2
DA:5,2
DA:9,0
DA:13,0
DA:18,3
DA:19,3
DA:22,3
DA:24,3
DA:26,0
DA:28,3
DA:33,2
DA:34,2
DA:35,2
DA:36,0
DA:37,0
DA:39,2
DA:41,0
DA:44,2
LF:19
LH:13
BRDA:12,0,0,0
BRDA:19,1,0,3
BRDA:19,1,1,0
BRDA:32,2,0,0
BRDA:34,3,0,2
BRDA:34,3,1,0
BRF:6
BRH:2
end_of_record
TN:
SF:/home/nelma/repo-git/meat-api/common/validators.ts
FN:2,(anonymous_0)
FNF:1
FNH:1
FNDA:1,(anonymous_0)
DA:2,2
DA:5,1
DA:6,0
DA:8,1
DA:10,1
DA:11,1
DA:12,9
DA:14,1
DA:16,1
DA:17,0
DA:19,1
DA:20,0
DA:23,1
DA:24,1
DA:25,10
DA:27,1
DA:29,1
DA:30,0
DA:32,1
DA:33,0
DA:35,1
LF:21
LH:16
BRDA:5,0,0,0
BRDA:5,0,1,1
BRDA:5,1,0,1
BRDA:5,1,1,1
BRDA:5,1,2,1
BRDA:16,2,0,0
BRDA:16,2,1,1
BRDA:16,3,0,1
BRDA:16,3,1,1
BRDA:19,4,0,0
BRDA:19,4,1,1
BRDA:29,5,0,0
BRDA:29,5,1,1
BRDA:29,6,0,1
BRDA:29,6,1,1
BRDA:32,7,0,0
BRDA:32,7,1,1
BRF:17
BRH:12
end_of_record
TN:
SF:/home/nelma/repo-git/meat-api/restaurants/restaurants.model.ts
FNF:0
FNH:0
DA:1,0
DA:18,0
DA:30,0
DA:43,0
LF:4
LH:0
BRF:0
BRH:0
end_of_record
TN:
SF:/home/nelma/repo-git/meat-api/restaurants/restaurants.router.ts
FN:8,(anonymous_0)
FN:13,(anonymous_1)
FN:16,(anonymous_2)
FN:26,(anonymous_3)
FN:28,(anonymous_4)
FN:35,(anonymous_5)
FN:41,(anonymous_6)
FNF:7
FNH:0
FNDA:0,(anonymous_0)
FNDA:0,(anonymous_1)
FNDA:0,(anonymous_2)
FNDA:0,(anonymous_3)
FNDA:0,(anonymous_4)
FNDA:0,(anonymous_5)
FNDA:0,(anonymous_6)
DA:1,0
DA:2,0
DA:4,0
DA:9,0
DA:13,0
DA:15,0
DA:17,0
DA:18,0
DA:20,0
DA:21,0
DA:26,0
DA:27,0
DA:29,0
DA:30,0
DA:32,0
DA:33,0
DA:36,0
DA:37,0
DA:45,0
DA:46,0
DA:47,0
DA:48,0
DA:49,0
DA:50,0
DA:52,0
DA:53,0
DA:57,0
LF:27
LH:0
BRDA:17,0,0,0
BRDA:17,0,1,0
BRDA:29,1,0,0
BRDA:29,1,1,0
BRF:4
BRH:0
end_of_record
TN:
SF:/home/nelma/repo-git/meat-api/reviews/reviews.model.ts
FNF:0
FNH:0
DA:2,2
DA:18,2
DA:46,2
LF:3
LH:3
BRF:0
BRH:0
end_of_record
TN:
SF:/home/nelma/repo-git/meat-api/reviews/reviews.router.ts
FN:7,(anonymous_0)
FN:11,(anonymous_1)
FN:24,(anonymous_2)
FNF:3
FNH:2
FNDA:2,(anonymous_0)
FNDA:0,(anonymous_1)
FNDA:2,(anonymous_2)
DA:1,2
DA:2,2
DA:8,2
DA:12,0
DA:28,2
DA:29,2
DA:30,2
DA:34,2
LF:8
LH:7
BRF:0
BRH:0
end_of_record
TN:
SF:/home/nelma/repo-git/meat-api/server/error.handler.ts
FN:4,(anonymous_0)
FN:9,(anonymous_1)
FN:29,(anonymous_2)
FNF:3
FNH:2
FNDA:1,(anonymous_0)
FNDA:1,(anonymous_1)
FNDA:0,(anonymous_2)
DA:4,2
DA:6,1
DA:9,1
DA:10,1
DA:16,1
DA:18,0
DA:20,0
DA:22,0
DA:24,0
DA:25,0
DA:26,0
DA:29,0
DA:33,0
DA:37,1
LF:14
LH:6
BRDA:17,0,0,0
BRDA:17,0,1,0
BRDA:18,1,0,0
BRDA:18,1,1,0
BRF:4
BRH:0
end_of_record
TN:
SF:/home/nelma/repo-git/meat-api/server/merge-patch.parser.ts
FN:6,(anonymous_0)
FNF:1
FNH:1
FNDA:6,(anonymous_0)
DA:2,2
DA:4,2
DA:6,2
DA:8,6
DA:11,0
DA:13,0
DA:14,0
DA:16,0
DA:19,6
LF:9
LH:5
BRDA:8,0,0,0
BRDA:8,0,1,6
BRDA:8,1,0,6
BRDA:8,1,1,0
BRF:4
BRH:2
end_of_record
TN:
SF:/home/nelma/repo-git/meat-api/server/server.ts
FN:13,(anonymous_0)
FN:25,(anonymous_1)
FN:26,(anonymous_2)
FN:48,(anonymous_3)
FN:63,(anonymous_4)
FN:64,(anonymous_5)
FN:65,(anonymous_6)
FN:68,(anonymous_7)
FN:69,(anonymous_8)
FNF:9
FNH:9
FNDA:2,(anonymous_0)
FNDA:2,(anonymous_1)
FNDA:2,(anonymous_2)
FNDA:2,(anonymous_3)
FNDA:2,(anonymous_4)
FNDA:2,(anonymous_5)
FNDA:2,(anonymous_6)
FNDA:2,(anonymous_7)
FNDA:2,(anonymous_8)
DA:1,2
DA:2,2
DA:4,2
DA:5,2
DA:6,2
DA:8,2
DA:15,2
DA:18,2
DA:26,2
DA:27,2
DA:30,2
DA:35,2
DA:36,2
DA:37,2
DA:40,2
DA:41,4
DA:48,2
DA:49,2
DA:54,2
DA:57,0
DA:64,2
DA:65,2
DA:69,2
LF:23
LH:22
BRDA:63,0,0,0
BRF:1
BRH:0
end_of_record
TN:
SF:/home/nelma/repo-git/meat-api/users/users.model.ts
FN:49,(anonymous_0)
FN:53,(anonymous_1)
FN:55,(anonymous_2)
FN:61,(anonymous_3)
FN:70,(anonymous_4)
FNF:5
FNH:4
FNDA:0,(anonymous_0)
FNDA:2,(anonymous_1)
FNDA:2,(anonymous_2)
FNDA:2,(anonymous_3)
FNDA:1,(anonymous_4)
DA:1,2
DA:2,2
DA:3,2
DA:4,2
DA:16,2
DA:49,2
DA:50,0
DA:53,2
DA:54,2
DA:56,2
DA:57,2
DA:61,2
DA:62,2
DA:63,2
DA:64,0
DA:66,2
DA:70,2
DA:71,1
DA:72,1
DA:74,0
DA:78,2
DA:79,2
DA:80,2
DA:82,2
LF:24
LH:21
BRDA:63,0,0,0
BRDA:63,0,1,2
BRDA:71,1,0,1
BRDA:71,1,1,0
BRF:4
BRH:2
end_of_record
TN:
SF:/home/nelma/repo-git/meat-api/users/users.router.ts
FN:8,(anonymous_0)
FN:19,(anonymous_1)
FN:22,(anonymous_2)
FN:11,(anonymous_3)
FN:40,(anonymous_4)
FNF:5
FNH:4
FNDA:2,(anonymous_0)
FNDA:1,(anonymous_1)
FNDA:0,(anonymous_2)
FNDA:3,(anonymous_3)
FNDA:2,(anonymous_4)
DA:2,2
DA:4,2
DA:9,2
DA:11,2
DA:12,3
DA:19,2
DA:20,1
DA:21,0
DA:23,0
DA:24,0
DA:26,0
DA:35,1
DA:47,2
DA:48,2
DA:49,2
DA:50,2
DA:51,2
DA:52,2
DA:53,2
DA:57,2
LF:20
LH:16
BRDA:20,0,0,0
BRDA:20,0,1,1
BRDA:23,1,0,0
BRDA:23,1,1,0
BRF:4
BRH:1
end_of_record
